May 27 11:45:40 ubuntu.local ticky: INFO: Created ticket [#1234] (ac)
May 27 11:46:00 ubuntu.local ticky: ERROR: Timeout while retrieving information (ahmed.miller)
May 27 11:46:05 ubuntu.local ticky: INFO: Created ticket [#1235] (ahmed.miller)
May 27 11:46:10 ubuntu.local ticky: ERROR: Connection to DB failed (blossom)
May 27 11:46:15 ubuntu.local ticky: ERROR: Timeout while retrieving information (blossom)
May 27 11:46:20 ubuntu.local ticky: INFO: Created ticket [#1236] (bpacheco)
May 27 11:46:25 ubuntu.local ticky: ERROR: Tried to add information to closed ticket (breee)
May 27 11:46:30 ubuntu.local ticky: INFO: Updated ticket [#1237] (britanni)
May 27 11:46:35 ubuntu.local ticky: ERROR: Permission denied while closing ticket (blossom)
May 27 11:46:40 ubuntu.local ticky: ERROR: The ticket was modified while updating (bpacheco)
May 27 11:46:45 ubuntu.local ticky: INFO: Updated ticket [#1238] (breee)
May 27 11:46:50 ubuntu.local ticky: ERROR: Ticket doesn't exist (flavia)
May 27 11:46:55 ubuntu.local ticky: ERROR: Timeout while retrieving information (ac)
May 27 11:47:00 ubuntu.local ticky: INFO: Created ticket [#1239] (enim.non)
May 27 11:47:05 ubuntu.local ticky: ERROR: Connection to DB failed (ahmed.miller)
May 27 11:47:10 ubuntu.local ticky: ERROR: Tried to add information to closed ticket (ahmed.miller)
May 27 11:47:15 ubuntu.local ticky: ERROR: Permission denied while closing ticket (breee)
May 27 11:47:20 ubuntu.local ticky: ERROR: The ticket was modified while updating (enim.non)
May 27 11:47:25 ubuntu.local ticky: INFO: Updated ticket [#1240] (flavia)
May 27 11:47:30 ubuntu.local ticky: ERROR: Ticket doesn't exist (breee)
May 27 11:47:35 ubuntu.local ticky: INFO: Created ticket [#1241] (ahmed.miller)
May 27 11:47:40 ubuntu.local ticky: ERROR: Timeout while retrieving information (blossom)
May 27 11:47:45 ubuntu.local ticky: ERROR: Connection to DB failed (breee)
May 27 11:47:50 ubuntu.local ticky: ERROR: Tried to add information to closed ticket (flavia)
May 27 11:47:55 ubuntu.local ticky: INFO: Updated ticket [#1242] (ac)
May 27 11:48:00 ubuntu.local ticky: ERROR: Timeout while retrieving information (enim.non)
May 27 11:48:05 ubuntu.local ticky: ERROR: Connection to DB failed (flavia)
May 27 11:48:10 ubuntu.local ticky: INFO: Created ticket [#1243] (enim.non)
May 27 11:48:15 ubuntu.local ticky: ERROR: Tried to add information to closed ticket (blossom)
May 27 11:48:20 ubuntu.local ticky: ERROR: Permission denied while closing ticket (ahmed.miller)
May 27 11:48:25 ubuntu.local ticky: ERROR: The ticket was modified while updating (blossom)
May 27 11:48:30 ubuntu.local ticky: INFO: Created ticket [#1244] (flavia)
